Key của bạn không hợp lệ hoặc bị khoá
 | 2024-05-06 10:18:06
Key của bạn không hợp lệ hoặc bị khoá
 | 2024-05-06 10:18:12
Key của bạn không hợp lệ hoặc bị khoá
 | 2024-05-06 10:18:13
Key của bạn không hợp lệ hoặc bị khoá
 | 2024-05-06 10:18:15
Key của bạn không hợp lệ hoặc bị khoá
 | 2024-05-06 10:18:18
Key của bạn không hợp lệ hoặc bị khoá
 | 2024-05-06 10:18:21
Key của bạn không hợp lệ hoặc bị khoá
 | 2024-05-06 10:18:25
Key của bạn không hợp lệ hoặc bị khoá
 | 2024-05-06 10:35:08
Key của bạn không hợp lệ hoặc bị khoá
 | 2024-05-07 09:29:21
Key của bạn không hợp lệ hoặc bị khoá
 | 2024-09-01 00:37:53
Key của bạn không hợp lệ hoặc bị khoá
 | 2024-09-01 00:59:46
Key của bạn không hợp lệ hoặc bị khoá
 | 2024-09-01 01:08:59
Key của bạn không hợp lệ hoặc bị khoá
 | 2024-09-01 01:16:09
Key của bạn không hợp lệ hoặc bị khoá
 | 2024-09-03 22:52:50
Không tìm thấy thẻ code: 810359693354387, serial: 10010746928059
 | 2024-09-05 21:09:15
Không tìm thấy thẻ code: 021351065473755, serial: 20000274905173
 | 2024-09-05 21:19:08
Thẻ lỗi (User: 9) | 2024-09-05 21:21:15
Thẻ lỗi (User: goc333) | 2024-09-13 23:27:52
Không tìm thấy thẻ code: CA01459617, serial: 2900749130
 | 2024-09-14 19:18:32
Không tìm thấy thẻ code: CA01459617, serial: 2900749130
 | 2024-09-14 19:18:32
Không tìm thấy thẻ code: 1231234561234, serial: 1231234561234
 | 2024-09-26 01:51:12
Key của bạn không hợp lệ hoặc bị khoá
 | 2024-10-22 22:47:06
Key của bạn không hợp lệ hoặc bị khoá
 | 2024-10-24 00:55:18
Key của bạn không hợp lệ hoặc bị khoá
 | 2024-10-24 00:55:20
Key của bạn không hợp lệ hoặc bị khoá
 | 2024-10-24 00:55:21
Key của bạn không hợp lệ hoặc bị khoá
 | 2024-10-24 00:55:21
Key của bạn không hợp lệ hoặc bị khoá
 | 2024-10-24 00:56:26
Thẻ lỗi (User: a) | 2024-10-24 00:57:07
Thẻ lỗi (User: 1) | 2024-10-24 01:10:54
Key của bạn không hợp lệ hoặc bị khoá
 | 2024-10-27 17:12:04
Thẻ lỗi (User: Congdeptrai) | 2024-10-27 21:39:45
Key của bạn không hợp lệ hoặc bị khoá
 | 2024-10-28 02:09:15
Thẻ lỗi (User: minhkoi) | 2024-10-28 14:43:06
Key của bạn không hợp lệ hoặc bị khoá
 | 2024-11-02 23:36:41
